Copyright 1986-2022 Xilinx, Inc. All Rights Reserved. Copyright 2022-2024 Advanced Micro Devices, Inc. All Rights Reserved.
---------------------------------------------------------------------------------------------------------------------------------------------
| Tool Version : Vivado v.2024.2 (lin64) Build 5239630 Fri Nov 08 22:34:34 MST 2024
| Date         : Thu Mar 13 19:39:35 2025
| Host         : vader running 64-bit Arch Linux
| Command      : report_clock_utilization -file reports/clock_utilization.rpt
| Design       : top
| Device       : 7vx690t-ffg1761
| Speed File   : -2  PRODUCTION 1.11 2014-09-11
| Design State : Fully Placed
---------------------------------------------------------------------------------------------------------------------------------------------

Clock Utilization Report

Table of Contents
-----------------
1. Clock Primitive Utilization
2. Global Clock Resources
3. Global Clock Source Details
4. Clock Regions: Key Resource Utilization
5. Clock Regions : Global Clock Summary
6. Device Cell Placement Summary for Global Clock g0
7. Device Cell Placement Summary for Global Clock g1
8. Clock Region Cell Placement per Global Clock: Region X0Y4
9. Clock Region Cell Placement per Global Clock: Region X1Y4
10. Clock Region Cell Placement per Global Clock: Region X0Y5
11. Clock Region Cell Placement per Global Clock: Region X0Y6

1. Clock Primitive Utilization
------------------------------

+----------+------+-----------+-----+--------------+--------+
| Type     | Used | Available | LOC | Clock Region | Pblock |
+----------+------+-----------+-----+--------------+--------+
| BUFGCTRL |    2 |        32 |   0 |            0 |      0 |
| BUFH     |    0 |       240 |   0 |            0 |      0 |
| BUFIO    |    0 |        80 |   0 |            0 |      0 |
| BUFMR    |    0 |        40 |   0 |            0 |      0 |
| BUFR     |    0 |        80 |   0 |            0 |      0 |
| MMCM     |    0 |        20 |   0 |            0 |      0 |
| PLL      |    0 |        20 |   0 |            0 |      0 |
+----------+------+-----------+-----+--------------+--------+


2. Global Clock Resources
-------------------------

+-----------+-----------+-----------------+------------+----------------+--------------+-------------------+-------------+-----------------+--------------+-------------+---------------------+--------------+
| Global Id | Source Id | Driver Type/Pin | Constraint | Site           | Clock Region | Load Clock Region | Clock Loads | Non-Clock Loads | Clock Period | Clock       | Driver Pin          | Net          |
+-----------+-----------+-----------------+------------+----------------+--------------+-------------------+-------------+-----------------+--------------+-------------+---------------------+--------------+
| g0        | src0      | BUFG/O          | None       | BUFGCTRL_X0Y0  | n/a          |                 3 |        6152 |               0 |              |             | clk_o_BUFG_inst/O   | clk_o_BUFG   |
| g1        | src1      | BUFG/O          | None       | BUFGCTRL_X0Y16 | n/a          |                 1 |           1 |               0 |        5.000 | mcb_clk_ref | clk_ref_BUFG_inst/O | clk_ref_BUFG |
+-----------+-----------+-----------------+------------+----------------+--------------+-------------------+-------------+-----------------+--------------+-------------+---------------------+--------------+
* Clock Loads column represents cell count of net connects that connect to a clock pin. Internal cell leaf pins are not considered
** Non-Clock Loads column represents cell count of non-clock pin loads


3. Global Clock Source Details
------------------------------

+-----------+-----------+-----------------+------------+----------------+--------------+-------------+-----------------+---------------------+--------------+---------------+---------+
| Source Id | Global Id | Driver Type/Pin | Constraint | Site           | Clock Region | Clock Loads | Non-Clock Loads | Source Clock Period | Source Clock | Driver Pin    | Net     |
+-----------+-----------+-----------------+------------+----------------+--------------+-------------+-----------------+---------------------+--------------+---------------+---------+
| src0      | g0        | FDRE/Q          | None       | SLICE_X106Y246 | X1Y4         |           1 |               1 |                     |              | clk_o_reg/Q   | clk_o   |
| src1      | g1        | IBUFDS/O        | IOB_X1Y424 | IOB_X1Y424     | X1Y8         |           1 |               0 |               5.000 | mcb_clk_ref  | ibufds_inst/O | clk_ref |
+-----------+-----------+-----------------+------------+----------------+--------------+-------------+-----------------+---------------------+--------------+---------------+---------+
* Clock Loads column represents cell count of net connects that connect to a clock pin. Internal cell leaf pins are not considered
** Non-Clock Loads column represents cell count of non-clock pin loads


4. Clock Regions: Key Resource Utilization
------------------------------------------

+-------------------+--------------+--------------+--------------+--------------+--------------+--------------+--------------+--------------+--------------+--------------+--------------+--------------+--------------+--------------+--------------+
|                   | Global Clock |     BUFRs    |    BUFMRs    |    BUFIOs    |     MMCM     |      PLL     |      GT      |      PCI     |    ILOGIC    |    OLOGIC    |      FF      |     LUTM     |    RAMB18    |    RAMB36    |    DSP48E2   |
+-------------------+------+-------+------+-------+------+-------+------+-------+------+-------+------+-------+------+-------+------+-------+------+-------+------+-------+------+-------+------+-------+------+-------+------+-------+------+-------+
| Clock Region Name | Used | Avail | Used | Avail | Used | Avail | Used | Avail | Used | Avail | Used | Avail | Used | Avail | Used | Avail | Used | Avail | Used | Avail | Used | Avail | Used | Avail | Used | Avail | Used | Avail | Used | Avail |
+-------------------+------+-------+------+-------+------+-------+------+-------+------+-------+------+-------+------+-------+------+-------+------+-------+------+-------+------+-------+------+-------+------+-------+------+-------+------+-------+
| X0Y0              |    0 |    12 |    0 |     4 |    0 |     2 |    0 |     4 |    0 |     1 |    0 |     1 |    0 |     4 |    0 |     0 |    0 |    50 |    0 |    50 |    0 |  5300 |    0 |  1850 |    0 |   140 |    0 |    70 |    0 |   140 |
| X1Y0              |    0 |    12 |    0 |     4 |    0 |     2 |    0 |     4 |    0 |     1 |    0 |     1 |    0 |     4 |    0 |     0 |    0 |    50 |    0 |    50 |    0 |  5800 |    0 |  2550 |    0 |   160 |    0 |    80 |    0 |   220 |
| X0Y1              |    0 |    12 |    0 |     4 |    0 |     2 |    0 |     4 |    0 |     1 |    0 |     1 |    0 |     4 |    0 |     0 |    0 |    50 |    0 |    50 |    0 |  5300 |    0 |  1850 |    0 |   140 |    0 |    70 |    0 |   140 |
| X1Y1              |    0 |    12 |    0 |     4 |    0 |     2 |    0 |     4 |    0 |     1 |    0 |     1 |    0 |     4 |    0 |     0 |    0 |    50 |    0 |    50 |    0 |  5550 |    0 |  2475 |    0 |   150 |    0 |    75 |    0 |   220 |
| X0Y2              |    0 |    12 |    0 |     4 |    0 |     2 |    0 |     4 |    0 |     1 |    0 |     1 |    0 |     4 |    0 |     0 |    0 |    50 |    0 |    50 |    0 |  5300 |    0 |  1850 |    0 |   140 |    0 |    70 |    0 |   140 |
| X1Y2              |    0 |    12 |    0 |     4 |    0 |     2 |    0 |     4 |    0 |     1 |    0 |     1 |    0 |     4 |    0 |     1 |    0 |    50 |    0 |    50 |    0 |  5550 |    0 |  2475 |    0 |   150 |    0 |    75 |    0 |   220 |
| X0Y3              |    0 |    12 |    0 |     4 |    0 |     2 |    0 |     4 |    0 |     1 |    0 |     1 |    0 |     4 |    0 |     0 |    0 |    50 |    0 |    50 |    0 |  5300 |    0 |  1850 |    0 |   140 |    0 |    70 |    0 |   140 |
| X1Y3              |    0 |    12 |    0 |     4 |    0 |     2 |    0 |     4 |    0 |     1 |    0 |     1 |    0 |     4 |    0 |     0 |    0 |    50 |    0 |    50 |    0 |  5800 |    0 |  2550 |    0 |   160 |    0 |    80 |    0 |   220 |
| X0Y4              |    1 |    12 |    0 |     4 |    0 |     2 |    0 |     4 |    0 |     1 |    0 |     1 |    0 |     4 |    0 |     0 |    0 |    50 |    0 |    50 | 1117 |  4700 |  338 |  1850 |    0 |   140 |    0 |    70 |    0 |   140 |
| X1Y4              |    1 |    12 |    0 |     4 |    0 |     2 |    0 |     4 |    0 |     1 |    0 |     1 |    0 |     4 |    0 |     0 |    0 |    50 |    0 |    50 |    1 |  5550 |    1 |  2475 |    0 |   150 |    0 |    75 |    0 |   220 |
| X0Y5              |    1 |    12 |    0 |     4 |    0 |     2 |    0 |     4 |    0 |     1 |    0 |     1 |    0 |     4 |    0 |     0 |    0 |    50 |    0 |    50 | 2618 |  4700 |  555 |  1850 |    0 |   140 |    0 |    70 |    4 |   140 |
| X1Y5              |    0 |    12 |    0 |     4 |    0 |     2 |    0 |     4 |    0 |     1 |    0 |     1 |    0 |     4 |    0 |     1 |    0 |    50 |    0 |    50 |    0 |  5550 |    0 |  2475 |    0 |   150 |    0 |    75 |    0 |   220 |
| X0Y6              |    1 |    12 |    0 |     4 |    0 |     2 |    0 |     4 |    0 |     1 |    0 |     1 |    0 |     4 |    0 |     0 |    0 |    50 |    0 |    50 | 1419 |  5300 |  433 |  1850 |    0 |   140 |    0 |    70 |    0 |   140 |
| X1Y6              |    0 |    12 |    0 |     4 |    0 |     2 |    0 |     4 |    0 |     1 |    0 |     1 |    0 |     4 |    0 |     0 |    0 |    50 |    0 |    50 |    0 |  5800 |    0 |  2550 |    0 |   160 |    0 |    80 |    0 |   220 |
| X0Y7              |    0 |    12 |    0 |     4 |    0 |     2 |    0 |     4 |    0 |     1 |    0 |     1 |    0 |     4 |    0 |     0 |    0 |    50 |    0 |    50 |    0 |  5300 |    0 |  1850 |    0 |   140 |    0 |    70 |    0 |   140 |
| X1Y7              |    0 |    12 |    0 |     4 |    0 |     2 |    0 |     4 |    0 |     1 |    0 |     1 |    0 |     4 |    0 |     0 |    0 |    50 |    0 |    50 |    0 |  5550 |    0 |  2475 |    0 |   150 |    0 |    75 |    0 |   220 |
| X0Y8              |    0 |    12 |    0 |     4 |    0 |     2 |    0 |     4 |    0 |     1 |    0 |     1 |    0 |     4 |    0 |     0 |    0 |    50 |    0 |    50 |    0 |  5300 |    0 |  1850 |    0 |   140 |    0 |    70 |    0 |   140 |
| X1Y8              |    0 |    12 |    0 |     4 |    0 |     2 |    0 |     4 |    0 |     1 |    0 |     1 |    0 |     4 |    0 |     1 |    0 |    50 |    0 |    50 |    0 |  5550 |    0 |  2475 |    0 |   150 |    0 |    75 |    0 |   220 |
| X0Y9              |    0 |    12 |    0 |     4 |    0 |     2 |    0 |     4 |    0 |     1 |    0 |     1 |    0 |     4 |    0 |     0 |    0 |    50 |    0 |    50 |    0 |  5300 |    0 |  1850 |    0 |   140 |    0 |    70 |    0 |   140 |
| X1Y9              |    0 |    12 |    0 |     4 |    0 |     2 |    0 |     4 |    0 |     1 |    0 |     1 |    0 |     4 |    0 |     0 |    0 |    50 |    0 |    50 |    0 |  5800 |    0 |  2550 |    0 |   160 |    0 |    80 |    0 |   220 |
+-------------------+------+-------+------+-------+------+-------+------+-------+------+-------+------+-------+------+-------+------+-------+------+-------+------+-------+------+-------+------+-------+------+-------+------+-------+------+-------+
* Global Clock column represents track count; while other columns represents cell counts


5. Clock Regions : Global Clock Summary
---------------------------------------

All Modules
+----+----+----+
|    | X0 | X1 |
+----+----+----+
| Y9 |  0 |  0 |
| Y8 |  0 |  0 |
| Y7 |  0 |  0 |
| Y6 |  0 |  0 |
| Y5 |  0 |  0 |
| Y4 |  0 |  0 |
| Y3 |  0 |  0 |
| Y2 |  0 |  0 |
| Y1 |  0 |  0 |
| Y0 |  0 |  0 |
+----+----+----+


6. Device Cell Placement Summary for Global Clock g0
----------------------------------------------------

+-----------+-----------------+-------------------+-------+-------------+---------------+-------------+----------+----------------+----------+------------+
| Global Id | Driver Type/Pin | Driver Region (D) | Clock | Period (ns) | Waveform (ns) | Slice Loads | IO Loads | Clocking Loads | GT Loads | Net        |
+-----------+-----------------+-------------------+-------+-------------+---------------+-------------+----------+----------------+----------+------------+
| g0        | BUFG/O          | n/a               |       |             |               |        5158 |        0 |              0 |        0 | clk_o_BUFG |
+-----------+-----------------+-------------------+-------+-------------+---------------+-------------+----------+----------------+----------+------------+
* Slice Loads column represents load cell count of all cell types other than IO, GT and clock resources
** IO Loads column represents load cell count of IO types
*** Clocking Loads column represents load cell count that are clock resources (global clock buffer, MMCM, PLL, etc)
**** GT Loads column represents load cell count of GT types


+----+-------+----+-----------------------+
|    | X0    | X1 | HORIZONTAL PROG DELAY |
+----+-------+----+-----------------------+
| Y9 |     0 |  0 |                     - |
| Y8 |     0 |  0 |                     - |
| Y7 |     0 |  0 |                     - |
| Y6 |  1419 |  0 |                     0 |
| Y5 |  2622 |  0 |                     0 |
| Y4 |  1117 |  0 |                     0 |
| Y3 |     0 |  0 |                     - |
| Y2 |     0 |  0 |                     - |
| Y1 |     0 |  0 |                     - |
| Y0 |     0 |  0 |                     - |
+----+-------+----+-----------------------+


7. Device Cell Placement Summary for Global Clock g1
----------------------------------------------------

+-----------+-----------------+-------------------+-------------+-------------+---------------+-------------+----------+----------------+----------+--------------+
| Global Id | Driver Type/Pin | Driver Region (D) | Clock       | Period (ns) | Waveform (ns) | Slice Loads | IO Loads | Clocking Loads | GT Loads | Net          |
+-----------+-----------------+-------------------+-------------+-------------+---------------+-------------+----------+----------------+----------+--------------+
| g1        | BUFG/O          | n/a               | mcb_clk_ref |       5.000 | {0.000 2.500} |           1 |        0 |              0 |        0 | clk_ref_BUFG |
+-----------+-----------------+-------------------+-------------+-------------+---------------+-------------+----------+----------------+----------+--------------+
* Slice Loads column represents load cell count of all cell types other than IO, GT and clock resources
** IO Loads column represents load cell count of IO types
*** Clocking Loads column represents load cell count that are clock resources (global clock buffer, MMCM, PLL, etc)
**** GT Loads column represents load cell count of GT types


+----+----+----+-----------------------+
|    | X0 | X1 | HORIZONTAL PROG DELAY |
+----+----+----+-----------------------+
| Y9 |  0 |  0 |                     - |
| Y8 |  0 |  0 |                     - |
| Y7 |  0 |  0 |                     - |
| Y6 |  0 |  0 |                     - |
| Y5 |  0 |  0 |                     - |
| Y4 |  0 |  1 |                     0 |
| Y3 |  0 |  0 |                     - |
| Y2 |  0 |  0 |                     - |
| Y1 |  0 |  0 |                     - |
| Y0 |  0 |  0 |                     - |
+----+----+----+-----------------------+


8. Clock Region Cell Placement per Global Clock: Region X0Y4
------------------------------------------------------------

+-----------+-------+-----------------+------------+-------------+-----------------+------+-------------+------+-----+----+------+-----+---------+------------+
| Global Id | Track | Driver Type/Pin | Constraint | Clock Loads | Non-Clock Loads | FF   | Memory LUTs | RAMB | DSP | GT | MMCM | PLL | Hard IP | Net        |
+-----------+-------+-----------------+------------+-------------+-----------------+------+-------------+------+-----+----+------+-----+---------+------------+
| g0        | n/a   | BUFG/O          | None       |        1117 |               0 | 1117 |           0 |    0 |   0 |  0 |    0 |   0 |       0 | clk_o_BUFG |
+-----------+-------+-----------------+------------+-------------+-----------------+------+-------------+------+-----+----+------+-----+---------+------------+
* Clock Loads column represents cell count of net connects that connect to a clock pin. Internal cell leaf pins are not considered
** Non-Clock Loads column represents cell count of non-clock pin loads
*** Columns FF, LUTRAM, RAMB through 'Hard IP' represents load cell counts


9. Clock Region Cell Placement per Global Clock: Region X1Y4
------------------------------------------------------------

+-----------+-------+-----------------+------------+-------------+-----------------+----+-------------+------+-----+----+------+-----+---------+--------------+
| Global Id | Track | Driver Type/Pin | Constraint | Clock Loads | Non-Clock Loads | FF | Memory LUTs | RAMB | DSP | GT | MMCM | PLL | Hard IP | Net          |
+-----------+-------+-----------------+------------+-------------+-----------------+----+-------------+------+-----+----+------+-----+---------+--------------+
| g1        | n/a   | BUFG/O          | None       |           1 |               0 |  1 |           0 |    0 |   0 |  0 |    0 |   0 |       0 | clk_ref_BUFG |
+-----------+-------+-----------------+------------+-------------+-----------------+----+-------------+------+-----+----+------+-----+---------+--------------+
* Clock Loads column represents cell count of net connects that connect to a clock pin. Internal cell leaf pins are not considered
** Non-Clock Loads column represents cell count of non-clock pin loads
*** Columns FF, LUTRAM, RAMB through 'Hard IP' represents load cell counts


10. Clock Region Cell Placement per Global Clock: Region X0Y5
-------------------------------------------------------------

+-----------+-------+-----------------+------------+-------------+-----------------+------+-------------+------+-----+----+------+-----+---------+------------+
| Global Id | Track | Driver Type/Pin | Constraint | Clock Loads | Non-Clock Loads | FF   | Memory LUTs | RAMB | DSP | GT | MMCM | PLL | Hard IP | Net        |
+-----------+-------+-----------------+------------+-------------+-----------------+------+-------------+------+-----+----+------+-----+---------+------------+
| g0        | n/a   | BUFG/O          | None       |        2622 |               0 | 2618 |           0 |    0 |   4 |  0 |    0 |   0 |       0 | clk_o_BUFG |
+-----------+-------+-----------------+------------+-------------+-----------------+------+-------------+------+-----+----+------+-----+---------+------------+
* Clock Loads column represents cell count of net connects that connect to a clock pin. Internal cell leaf pins are not considered
** Non-Clock Loads column represents cell count of non-clock pin loads
*** Columns FF, LUTRAM, RAMB through 'Hard IP' represents load cell counts


11. Clock Region Cell Placement per Global Clock: Region X0Y6
-------------------------------------------------------------

+-----------+-------+-----------------+------------+-------------+-----------------+------+-------------+------+-----+----+------+-----+---------+------------+
| Global Id | Track | Driver Type/Pin | Constraint | Clock Loads | Non-Clock Loads | FF   | Memory LUTs | RAMB | DSP | GT | MMCM | PLL | Hard IP | Net        |
+-----------+-------+-----------------+------------+-------------+-----------------+------+-------------+------+-----+----+------+-----+---------+------------+
| g0        | n/a   | BUFG/O          | None       |        1419 |               0 | 1419 |           0 |    0 |   0 |  0 |    0 |   0 |       0 | clk_o_BUFG |
+-----------+-------+-----------------+------------+-------------+-----------------+------+-------------+------+-----+----+------+-----+---------+------------+
* Clock Loads column represents cell count of net connects that connect to a clock pin. Internal cell leaf pins are not considered
** Non-Clock Loads column represents cell count of non-clock pin loads
*** Columns FF, LUTRAM, RAMB through 'Hard IP' represents load cell counts



# Location of BUFG Primitives 
set_property LOC BUFGCTRL_X0Y16 [get_cells clk_ref_BUFG_inst]
set_property LOC BUFGCTRL_X0Y0 [get_cells clk_o_BUFG_inst]

# Location of IO Primitives which is load of clock spine

# Location of clock ports
set_property LOC IOB_X1Y423 [get_ports clk_ref_n]
set_property LOC IOB_X1Y424 [get_ports clk_ref_p]

# Clock net "clk_ref_BUFG" driven by instance "clk_ref_BUFG_inst" located at site "BUFGCTRL_X0Y16"
#startgroup
create_pblock {CLKAG_clk_ref_BUFG}
add_cells_to_pblock [get_pblocks  {CLKAG_clk_ref_BUFG}] [get_cells -filter { PRIMITIVE_GROUP != I/O && IS_PRIMITIVE==1 && PRIMITIVE_LEVEL !=INTERNAL } -of_object [get_pins -filter {DIRECTION==IN} -of_objects [get_nets -hierarchical -filter {PARENT=="clk_ref_BUFG"}]]]
resize_pblock [get_pblocks {CLKAG_clk_ref_BUFG}] -add {CLOCKREGION_X1Y4:CLOCKREGION_X1Y4}
#endgroup

# Clock net "clk_o_BUFG" driven by instance "clk_o_BUFG_inst" located at site "BUFGCTRL_X0Y0"
#startgroup
create_pblock {CLKAG_clk_o_BUFG}
add_cells_to_pblock [get_pblocks  {CLKAG_clk_o_BUFG}] [get_cells -filter { PRIMITIVE_GROUP != I/O && IS_PRIMITIVE==1 && PRIMITIVE_LEVEL !=INTERNAL } -of_object [get_pins -filter {DIRECTION==IN} -of_objects [get_nets -hierarchical -filter {PARENT=="clk_o_BUFG"}]]]
resize_pblock [get_pblocks {CLKAG_clk_o_BUFG}] -add {CLOCKREGION_X0Y4:CLOCKREGION_X0Y4 CLOCKREGION_X0Y5:CLOCKREGION_X0Y5 CLOCKREGION_X0Y6:CLOCKREGION_X0Y6}
#endgroup
